# JRE version: OpenJDK Runtime Environment Corretto-15.0.1.9.1 (15.0.1+9) (build 15.0.1+9)
# Java VM: OpenJDK 64-Bit Server VM Corretto-15.0.1.9.1 (15.0.1+9, mixed mode, sharing, tiered, compressed oops, g1 gc, linux-amd64)
GC Precious Log:
 CPUs: 4 total, 4 available
 Memory: 7956M
 Large Page Support: Disabled
 NUMA Support: Disabled
 Compressed Oops: Enabled (32-bit)
 Heap Region Size: 1M
 Heap Min Capacity: 8M
 Heap Initial Capacity: 126M
 Heap Max Capacity: 1990M
 Pre-touch: Disabled
 Parallel Workers: 4
 Concurrent Workers: 1
 Concurrent Refinement Workers: 4
 Periodic GC: Disabled
Heap:
 garbage-first heap   total 49152K, used 16782K [0x0000000083a00000, 0x0000000100000000)
  region size 1024K, 5 young (5120K), 3 survivors (3072K)
 Metaspace       used 33361K, capacity 33881K, committed 34096K, reserved 1079296K
  class space    used 3967K, capacity 4127K, committed 4224K, reserved 1048576K
GC Heap History (10 events):
Event: 0,553 GC heap before
{Heap before GC invocations=0 (full 0):
 garbage-first heap   total 131072K, used 13112K [0x0000000083a00000, 0x0000000100000000)
  region size 1024K, 13 young (13312K), 0 survivors (0K)
 Metaspace       used 4521K, capacity 6391K, committed 6528K, reserved 1056768K
  class space    used 483K, capacity 637K, committed 640K, reserved 1048576K
}
Event: 0,565 GC heap after
{Heap after GC invocations=1 (full 0):
 garbage-first heap   total 131072K, used 4188K [0x0000000083a00000, 0x0000000100000000)
  region size 1024K, 2 young (2048K), 2 survivors (2048K)
 Metaspace       used 4521K, capacity 6391K, committed 6528K, reserved 1056768K
  class space    used 483K, capacity 637K, committed 640K, reserved 1048576K
}
Event: 0,928 GC heap before
{Heap before GC invocations=1 (full 0):
 garbage-first heap   total 131072K, used 19548K [0x0000000083a00000, 0x0000000100000000)
  region size 1024K, 17 young (17408K), 2 survivors (2048K)
 Metaspace       used 7815K, capacity 8510K, committed 8704K, reserved 1056768K
  class space    used 946K, capacity 999K, committed 1024K, reserved 1048576K
}
Event: 0,931 GC heap after
{Heap after GC invocations=2 (full 0):
 garbage-first heap   total 131072K, used 5248K [0x0000000083a00000, 0x0000000100000000)
  region size 1024K, 2 young (2048K), 2 survivors (2048K)
 Metaspace       used 7815K, capacity 8510K, committed 8704K, reserved 1056768K
  class space    used 946K, capacity 999K, committed 1024K, reserved 1048576K
}
Event: 1,932 GC heap before
{Heap before GC invocations=2 (full 0):
 garbage-first heap   total 131072K, used 65664K [0x0000000083a00000, 0x0000000100000000)
  region size 1024K, 63 young (64512K), 2 survivors (2048K)
 Metaspace       used 20870K, capacity 21134K, committed 21296K, reserved 1069056K
  class space    used 2530K, capacity 2607K, committed 2688K, reserved 1048576K
}
Event: 1,940 GC heap after
{Heap after GC invocations=3 (full 0):
 garbage-first heap   total 131072K, used 9058K [0x0000000083a00000, 0x0000000100000000)
  region size 1024K, 5 young (5120K), 5 survivors (5120K)
 Metaspace       used 20870K, capacity 21134K, committed 21296K, reserved 1069056K
  class space    used 2530K, capacity 2607K, committed 2688K, reserved 1048576K
}
Event: 2,226 GC heap before
{Heap before GC invocations=4 (full 0):
 garbage-first heap   total 40960K, used 28514K [0x0000000083a00000, 0x0000000100000000)
  region size 1024K, 24 young (24576K), 5 survivors (5120K)
 Metaspace       used 25269K, capacity 25651K, committed 25904K, reserved 1073152K
  class space    used 3019K, capacity 3131K, committed 3200K, reserved 1048576K
}
Event: 2,233 GC heap after
{Heap after GC invocations=5 (full 0):
 garbage-first heap   total 40960K, used 10859K [0x0000000083a00000, 0x0000000100000000)
  region size 1024K, 2 young (2048K), 2 survivors (2048K)
 Metaspace       used 25269K, capacity 25651K, committed 25904K, reserved 1073152K
  class space    used 3019K, capacity 3131K, committed 3200K, reserved 1048576K
}
Event: 2,726 GC heap before
{Heap before GC invocations=5 (full 0):
 garbage-first heap   total 40960K, used 26219K [0x0000000083a00000, 0x0000000100000000)
  region size 1024K, 18 young (18432K), 2 survivors (2048K)
 Metaspace       used 30199K, capacity 30718K, committed 31152K, reserved 1077248K
  class space    used 3581K, capacity 3742K, committed 3840K, reserved 1048576K
}
Event: 2,730 GC heap after
{Heap after GC invocations=6 (full 0):
 garbage-first heap   total 49152K, used 13618K [0x0000000083a00000, 0x0000000100000000)
  region size 1024K, 3 young (3072K), 3 survivors (3072K)
 Metaspace       used 30199K, capacity 30718K, committed 31152K, reserved 1077248K
  class space    used 3581K, capacity 3742K, committed 3840K, reserved 1048576K
}

